<?xml version="1.0" encoding="utf-8" standalone="no"?>
<!--This file represents the results of running a test suite-->
<test-results name="C:\Users\piotr.chrzczonowicz\Documents\Visual Studio 2013\Projects\UnitTestsInPractice\01_FirstExample.Tests\bin\Debug\01_FirstExample.Tests.dll" total="1" errors="0" failures="0" not-run="0" inconclusive="0" ignored="0" skipped="0" invalid="0" date="2015-06-01" time="11:58:56">
  <environment nunit-version="2.6.4.14350" clr-version="2.0.50727.5485" os-version="Microsoft Windows NT 6.1.7601 Service Pack 1" platform="Win32NT" cwd="C:\Users\piotr.chrzczonowicz\Desktop\NUnit-2.6.4\bin" machine-name="NBCHRZCZONOWICZ" user="Piotr.Chrzczonowicz" user-domain="CDN" />
  <culture-info current-culture="pl-PL" current-uiculture="pl-PL" />
  <test-suite type="Assembly" name="C:\Users\piotr.chrzczonowicz\Documents\Visual Studio 2013\Projects\UnitTestsInPractice\01_FirstExample.Tests\bin\Debug\01_FirstExample.Tests.dll" executed="True" result="Success" success="True" time="0.109" asserts="0">
    <results>
      <test-suite type="Namespace" name="_01_FirstExample" executed="True" result="Success" success="True" time="0.092" asserts="0">
        <results>
          <test-suite type="Namespace" name="Tests" executed="True" result="Success" success="True" time="0.092" asserts="0">
            <results>
              <test-suite type="TestFixture" name="PrimeFinderTests" executed="True" result="Success" success="True" time="0.060" asserts="0">
                <results>
                  <test-case name="_01_FirstExample.Tests.PrimeFinderTests.Returns_False_For_One" executed="True" result="Success" success="True" time="0.048" asserts="1" />
                </results>
              </test-suite>
            </results>
          </test-suite>
        </results>
      </test-suite>
    </results>
  </test-suite>
</test-results>